Performing C SOURCE FILE Test CMAKE_HAVE_LIBC_PTHREAD failed with the following output:
Change Dir: C:/Users/zachs/vandy-c/swp/AcornEngine/out/build/x64-debug/CMakeFiles/CMakeTmp

Run Build Command(s):C:/Program Files/Microsoft Visual Studio/2022/Community/Common7/IDE/CommonExtensions/Microsoft/CMake/Ninja/ninja.exe cmTC_3dbf2 && [1/2] Building C object CMakeFiles\cmTC_3dbf2.dir\src.c.obj
FAILED: CMakeFiles/cmTC_3dbf2.dir/src.c.obj 
C:\PROGRA~1\MICROS~2\2022\COMMUN~1\VC\Tools\MSVC\1433~1.316\bin\HostX64\x64\cl.exe  /nologo -DCMAKE_HAVE_LIBC_PTHREAD  /DWIN32 /D_WINDOWS /W3  /MDd /Zi /Ob0 /Od /RTC1 /showIncludes /FoCMakeFiles\cmTC_3dbf2.dir\src.c.obj /FdCMakeFiles\cmTC_3dbf2.dir\ /FS -c C:\Users\zachs\vandy-c\swp\AcornEngine\out\build\x64-debug\CMakeFiles\CMakeTmp\src.c
C:\Users\zachs\vandy-c\swp\AcornEngine\out\build\x64-debug\CMakeFiles\CMakeTmp\src.c(1): fatal error C1083: Cannot open include file: 'pthread.h': No such file or directory
ninja: build stopped: subcommand failed.


Source file was:
#include <pthread.h>

static void* test_func(void* data)
{
  return data;
}

int main(void)
{
  pthread_t thread;
  pthread_create(&thread, NULL, test_func, NULL);
  pthread_detach(thread);
  pthread_cancel(thread);
  pthread_join(thread, NULL);
  pthread_atfork(NULL, NULL, NULL);
  pthread_exit(NULL);

  return 0;
}

Determining if the function pthread_create exists in the pthreads failed with the following output:
Change Dir: C:/Users/zachs/vandy-c/swp/AcornEngine/out/build/x64-debug/CMakeFiles/CMakeTmp

Run Build Command(s):C:/Program Files/Microsoft Visual Studio/2022/Community/Common7/IDE/CommonExtensions/Microsoft/CMake/Ninja/ninja.exe cmTC_8ff12 && [1/2] Building C object CMakeFiles\cmTC_8ff12.dir\CheckFunctionExists.c.obj
[2/2] Linking C executable cmTC_8ff12.exe
FAILED: cmTC_8ff12.exe 
cmd.exe /C "cd . && "C:\Program Files\Microsoft Visual Studio\2022\Community\Common7\IDE\CommonExtensions\Microsoft\CMake\CMake\bin\cmake.exe" -E vs_link_exe --intdir=CMakeFiles\cmTC_8ff12.dir --rc=C:\PROGRA~2\WI3CF2~1\10\bin\100226~1.0\x64\rc.exe --mt=C:\PROGRA~2\WI3CF2~1\10\bin\100226~1.0\x64\mt.exe --manifests  -- C:\PROGRA~1\MICROS~2\2022\COMMUN~1\VC\Tools\MSVC\1433~1.316\bin\HostX64\x64\link.exe /nologo CMakeFiles\cmTC_8ff12.dir\CheckFunctionExists.c.obj  /out:cmTC_8ff12.exe /implib:cmTC_8ff12.lib /pdb:cmTC_8ff12.pdb /version:0.0 /machine:x64  /debug /INCREMENTAL /subsystem:console  pthreads.lib  kernel32.lib user32.lib gdi32.lib winspool.lib shell32.lib ole32.lib oleaut32.lib uuid.lib comdlg32.lib advapi32.lib && cd ."
LINK Pass 1: command "C:\PROGRA~1\MICROS~2\2022\COMMUN~1\VC\Tools\MSVC\1433~1.316\bin\HostX64\x64\link.exe /nologo CMakeFiles\cmTC_8ff12.dir\CheckFunctionExists.c.obj /out:cmTC_8ff12.exe /implib:cmTC_8ff12.lib /pdb:cmTC_8ff12.pdb /version:0.0 /machine:x64 /debug /INCREMENTAL /subsystem:console pthreads.lib kernel32.lib user32.lib gdi32.lib winspool.lib shell32.lib ole32.lib oleaut32.lib uuid.lib comdlg32.lib advapi32.lib /MANIFEST /MANIFESTFILE:CMakeFiles\cmTC_8ff12.dir/intermediate.manifest CMakeFiles\cmTC_8ff12.dir/manifest.res" failed (exit code 1104) with the following output:
LINK : fatal error LNK1104: cannot open file 'pthreads.lib'
ninja: build stopped: subcommand failed.



Determining if the function pthread_create exists in the pthread failed with the following output:
Change Dir: C:/Users/zachs/vandy-c/swp/AcornEngine/out/build/x64-debug/CMakeFiles/CMakeTmp

Run Build Command(s):C:/Program Files/Microsoft Visual Studio/2022/Community/Common7/IDE/CommonExtensions/Microsoft/CMake/Ninja/ninja.exe cmTC_87282 && [1/2] Building C object CMakeFiles\cmTC_87282.dir\CheckFunctionExists.c.obj
[2/2] Linking C executable cmTC_87282.exe
FAILED: cmTC_87282.exe 
cmd.exe /C "cd . && "C:\Program Files\Microsoft Visual Studio\2022\Community\Common7\IDE\CommonExtensions\Microsoft\CMake\CMake\bin\cmake.exe" -E vs_link_exe --intdir=CMakeFiles\cmTC_87282.dir --rc=C:\PROGRA~2\WI3CF2~1\10\bin\100226~1.0\x64\rc.exe --mt=C:\PROGRA~2\WI3CF2~1\10\bin\100226~1.0\x64\mt.exe --manifests  -- C:\PROGRA~1\MICROS~2\2022\COMMUN~1\VC\Tools\MSVC\1433~1.316\bin\HostX64\x64\link.exe /nologo CMakeFiles\cmTC_87282.dir\CheckFunctionExists.c.obj  /out:cmTC_87282.exe /implib:cmTC_87282.lib /pdb:cmTC_87282.pdb /version:0.0 /machine:x64  /debug /INCREMENTAL /subsystem:console  pthread.lib  kernel32.lib user32.lib gdi32.lib winspool.lib shell32.lib ole32.lib oleaut32.lib uuid.lib comdlg32.lib advapi32.lib && cd ."
LINK Pass 1: command "C:\PROGRA~1\MICROS~2\2022\COMMUN~1\VC\Tools\MSVC\1433~1.316\bin\HostX64\x64\link.exe /nologo CMakeFiles\cmTC_87282.dir\CheckFunctionExists.c.obj /out:cmTC_87282.exe /implib:cmTC_87282.lib /pdb:cmTC_87282.pdb /version:0.0 /machine:x64 /debug /INCREMENTAL /subsystem:console pthread.lib kernel32.lib user32.lib gdi32.lib winspool.lib shell32.lib ole32.lib oleaut32.lib uuid.lib comdlg32.lib advapi32.lib /MANIFEST /MANIFESTFILE:CMakeFiles\cmTC_87282.dir/intermediate.manifest CMakeFiles\cmTC_87282.dir/manifest.res" failed (exit code 1104) with the following output:
LINK : fatal error LNK1104: cannot open file 'pthread.lib'
ninja: build stopped: subcommand failed.



